<?xml version="1.0" encoding="UTF-8"?>
<!-- Generated by org.testng.reporters.JUnitReportReporter -->
<testsuite skipped="0" hostname="Lakshmikanth-PC" name="week2.Day1.CreateLead" tests="2" failures="0" timestamp="2019-06-30T12:54:02 IST" time="51.778" errors="0">
  <testcase name="createLead" time="26.916" classname="week2.Day1.CreateLead"/>
  <testcase name="createLead" time="24.862" classname="week2.Day1.CreateLead"/>
</testsuite> <!-- week2.Day1.CreateLead -->
