<?xml version="1.0" encoding="UTF-8"?>
<!-- Generated by org.testng.reporters.JUnitReportReporter -->
<testsuite skipped="0" hostname="Lakshmikanth-PC" name="TestCases.CreateLead" tests="2" failures="0" timestamp="2019-06-30T21:57:53 IST" time="58.993" errors="0">
  <testcase name="createLead" time="29.339" classname="TestCases.CreateLead"/>
  <testcase name="createLead" time="29.654" classname="TestCases.CreateLead"/>
</testsuite> <!-- TestCases.CreateLead -->
