<?xml version="1.0" encoding="UTF-8"?>
<!-- Generated by org.testng.reporters.JUnitReportReporter -->
<testsuite skipped="0" hostname="Lakshmikanth-PC" name="TestCases.DeleteLead" tests="1" failures="0" timestamp="2019-06-30T20:22:53 IST" time="38.040" errors="0">
  <testcase name="deletelead" time="38.040" classname="TestCases.DeleteLead"/>
</testsuite> <!-- TestCases.DeleteLead -->
