<?xml version="1.0" encoding="UTF-8"?>
<!-- Generated by org.testng.reporters.JUnitReportReporter -->
<testsuite skipped="0" hostname="Lakshmikanth-PC" name="week2.Day2.DeleteLead" tests="1" failures="0" timestamp="2019-06-30T10:30:34 IST" time="34.282" errors="0">
  <testcase name="deletelead" time="34.282" classname="week2.Day2.DeleteLead"/>
</testsuite> <!-- week2.Day2.DeleteLead -->
