<?xml version="1.0" encoding="UTF-8"?>
<!-- Generated by org.testng.reporters.JUnitReportReporter -->
<testsuite skipped="0" hostname="Lakshmikanth-PC" name="TestCases.EditLead" tests="1" failures="0" timestamp="2019-06-30T22:07:38 IST" time="46.337" errors="0">
  <testcase name="editlead" time="46.337" classname="TestCases.EditLead"/>
</testsuite> <!-- TestCases.EditLead -->
