<?xml version="1.0" encoding="UTF-8"?>
<!-- Generated by org.testng.reporters.JUnitReportReporter -->
<testsuite skipped="0" hostname="Lakshmikanth-PC" name="Utils.ReadExcel" tests="1" failures="0" timestamp="2019-06-30T12:36:25 IST" time="0.891" errors="0">
  <testcase name="excelread" time="0.891" classname="Utils.ReadExcel"/>
</testsuite> <!-- Utils.ReadExcel -->
