<?xml version="1.0" encoding="UTF-8"?>
<!-- Generated by org.testng.reporters.JUnitReportReporter -->
<testsuite skipped="0" hostname="Lakshmikanth-PC" name="TestCases.Duplicate_lead" tests="1" failures="0" timestamp="2019-06-30T20:22:53 IST" time="39.408" errors="0">
  <testcase name="duplicatelead" time="39.408" classname="TestCases.Duplicate_lead"/>
</testsuite> <!-- TestCases.Duplicate_lead -->
